0 info it worked if it ends with ok
1 verbose cli [ 'C:\\Program Files (x86)\\nodejs\\\\node.exe',
1 verbose cli   'C:\\Program Files (x86)\\nodejs\\node_modules\\npm\\bin\\npm-cli.js',
1 verbose cli   'install',
1 verbose cli   '-g',
1 verbose cli   'bower',
1 verbose cli   'grunt-cli\\' ]
2 info using npm@1.4.28
3 info using node@v0.10.35
4 verbose node symlink C:\Program Files (x86)\nodejs\\node.exe
5 verbose cache add [ 'bower', null ]
6 verbose cache add name=undefined spec="bower" args=["bower",null]
7 verbose parsed url { protocol: null,
7 verbose parsed url   slashes: null,
7 verbose parsed url   auth: null,
7 verbose parsed url   host: null,
7 verbose parsed url   port: null,
7 verbose parsed url   hostname: null,
7 verbose parsed url   hash: null,
7 verbose parsed url   search: null,
7 verbose parsed url   query: null,
7 verbose parsed url   pathname: 'bower',
7 verbose parsed url   path: 'bower',
7 verbose parsed url   href: 'bower' }
8 verbose cache add [ 'grunt-cli\\', null ]
9 verbose cache add name=undefined spec="grunt-cli\\" args=["grunt-cli\\",null]
10 verbose parsed url { protocol: null,
10 verbose parsed url   slashes: null,
10 verbose parsed url   auth: null,
10 verbose parsed url   host: null,
10 verbose parsed url   port: null,
10 verbose parsed url   hostname: null,
10 verbose parsed url   hash: null,
10 verbose parsed url   search: null,
10 verbose parsed url   query: null,
10 verbose parsed url   pathname: 'grunt-cli/',
10 verbose parsed url   path: 'grunt-cli/',
10 verbose parsed url   href: 'grunt-cli/' }
11 silly lockFile 206e3ce5-bower bower
12 verbose lock bower C:\Users\Wang\AppData\Roaming\npm-cache\206e3ce5-bower.lock
13 silly lockFile b9ee78e4-grunt-cli grunt-cli\
14 verbose lock grunt-cli\ C:\Users\Wang\AppData\Roaming\npm-cache\b9ee78e4-grunt-cli.lock
15 silly lockFile 206e3ce5-bower bower
16 silly lockFile 206e3ce5-bower bower
17 silly lockFile b9ee78e4-grunt-cli grunt-cli\
18 silly lockFile b9ee78e4-grunt-cli grunt-cli\
19 verbose addNamed [ 'bower', '' ]
20 verbose addNamed [ null, '*' ]
21 silly lockFile 1240aab1-bower bower@
22 verbose lock bower@ C:\Users\Wang\AppData\Roaming\npm-cache\1240aab1-bower.lock
23 error addLocal Could not install grunt-cli\
24 silly addNameRange { name: 'bower', range: '*', hasData: false }
25 verbose request where is /bower
26 verbose request registry https://registry.npmjs.org/
27 verbose request id 1c573efc61329345
28 verbose url raw /bower
29 verbose url resolving [ 'https://registry.npmjs.org/', './bower' ]
30 verbose url resolved https://registry.npmjs.org/bower
31 verbose request where is https://registry.npmjs.org/bower
32 info trying registry request attempt 1 at 21:35:19
33 verbose etag "91PMAYPB09VCACCOUUW9J1OE2"
34 http GET https://registry.npmjs.org/bower
35 http 304 https://registry.npmjs.org/bower
36 silly registry.get cb [ 304,
36 silly registry.get   { date: 'Thu, 09 Apr 2015 01:35:15 GMT',
36 silly registry.get     server: 'Apache',
36 silly registry.get     via: '1.1 varnish',
36 silly registry.get     'last-modified': 'Thu, 09 Apr 2015 01:35:15 GMT',
36 silly registry.get     'cache-control': 'max-age=60',
36 silly registry.get     etag: '"91PMAYPB09VCACCOUUW9J1OE2"',
36 silly registry.get     age: '0',
36 silly registry.get     'x-served-by': 'cache-atl6235-ATL',
36 silly registry.get     'x-cache': 'HIT',
36 silly registry.get     'x-cache-hits': '1',
36 silly registry.get     'x-timer': 'S1428543315.486916,VS0,VE80',
36 silly registry.get     vary: 'Accept',
36 silly registry.get     'content-length': '0',
36 silly registry.get     'keep-alive': 'timeout=10, max=50',
36 silly registry.get     connection: 'Keep-Alive' } ]
37 verbose etag https://registry.npmjs.org/bower from cache
38 silly addNameRange number 2 { name: 'bower', range: '*', hasData: true }
39 silly addNameRange versions [ 'bower',
39 silly addNameRange   [ '0.1.0',
39 silly addNameRange     '0.1.2',
39 silly addNameRange     '0.1.3',
39 silly addNameRange     '0.2.0',
39 silly addNameRange     '0.3.0',
39 silly addNameRange     '0.3.1',
39 silly addNameRange     '0.3.2',
39 silly addNameRange     '0.4.0',
39 silly addNameRange     '0.5.0',
39 silly addNameRange     '0.5.1',
39 silly addNameRange     '0.6.0',
39 silly addNameRange     '0.6.1',
39 silly addNameRange     '0.6.2',
39 silly addNameRange     '0.6.3',
39 silly addNameRange     '0.6.4',
39 silly addNameRange     '0.6.5',
39 silly addNameRange     '0.6.6',
39 silly addNameRange     '0.6.7',
39 silly addNameRange     '0.6.8',
39 silly addNameRange     '0.7.0',
39 silly addNameRange     '0.7.1',
39 silly addNameRange     '0.8.0',
39 silly addNameRange     '0.8.1',
39 silly addNameRange     '0.8.2',
39 silly addNameRange     '0.8.3',
39 silly addNameRange     '0.8.4',
39 silly addNameRange     '0.8.5',
39 silly addNameRange     '0.8.6',
39 silly addNameRange     '0.9.0',
39 silly addNameRange     '0.9.1',
39 silly addNameRange     '0.9.2',
39 silly addNameRange     '0.10.0',
39 silly addNameRange     '1.0.0',
39 silly addNameRange     '1.0.1',
39 silly addNameRange     '1.0.2',
39 silly addNameRange     '1.0.3',
39 silly addNameRange     '1.1.0',
39 silly addNameRange     '1.1.1',
39 silly addNameRange     '1.1.2',
39 silly addNameRange     '1.2.0',
39 silly addNameRange     '1.2.1',
39 silly addNameRange     '1.2.2',
39 silly addNameRange     '1.2.3',
39 silly addNameRange     '1.2.4',
39 silly addNameRange     '1.2.5',
39 silly addNameRange     '1.2.6',
39 silly addNameRange     '1.2.7',
39 silly addNameRange     '1.2.8',
39 silly addNameRange     '1.3.0',
39 silly addNameRange     '1.3.1',
39 silly addNameRange     '1.3.2',
39 silly addNameRange     '1.3.3',
39 silly addNameRange     '1.3.4',
39 silly addNameRange     '1.3.5',
39 silly addNameRange     '1.3.6',
39 silly addNameRange     '1.3.7',
39 silly addNameRange     '1.3.8',
39 silly addNameRange     '1.3.9',
39 silly addNameRange     '1.3.10',
39 silly addNameRange     '1.3.11',
39 silly addNameRange     '1.3.12',
39 silly addNameRange     '1.4.0',
39 silly addNameRange     '1.4.1' ] ]
40 verbose addNamed [ 'bower', '1.4.1' ]
41 verbose addNamed [ '1.4.1', '1.4.1' ]
42 silly lockFile 185f46c0-bower-1-4-1 bower@1.4.1
43 verbose lock bower@1.4.1 C:\Users\Wang\AppData\Roaming\npm-cache\185f46c0-bower-1-4-1.lock
44 silly lockFile 185f46c0-bower-1-4-1 bower@1.4.1
45 silly lockFile 185f46c0-bower-1-4-1 bower@1.4.1
46 silly lockFile 1240aab1-bower bower@
47 silly lockFile 1240aab1-bower bower@
48 error Error: ENOENT, stat 'C:\Users\Wang\Projects\AvlSkiClub\grunt-cli'
49 error If you need help, you may report this *entire* log,
49 error including the npm and node versions, at:
49 error     <http://github.com/npm/npm/issues>
50 error System Windows_NT 6.1.7601
51 error command "C:\\Program Files (x86)\\nodejs\\\\node.exe" "C:\\Program Files (x86)\\nodejs\\node_modules\\npm\\bin\\npm-cli.js" "install" "-g" "bower" "grunt-cli\\"
52 error cwd C:\Users\Wang\Projects\AvlSkiClub
53 error node -v v0.10.35
54 error npm -v 1.4.28
55 error path C:\Users\Wang\Projects\AvlSkiClub\grunt-cli
56 error code ENOENT
57 error errno 34
58 verbose exit [ 34, true ]
